[2025-12-03T09:45:15.467+0000] {manager.py:470} INFO - Processing files using up to 2 processes at a time 
[2025-12-03T09:45:15.470+0000] {manager.py:471} INFO - Process each file at most once every 30 seconds
[2025-12-03T09:45:15.471+0000] {manager.py:472} INFO - Checking for new files in /opt/airflow/dags every 300 seconds
[2025-12-03T09:45:15.473+0000] {manager.py:737} INFO - Searching for files in /opt/airflow/dags
[2025-12-03T09:45:15.497+0000] {manager.py:740} INFO - There are 1 files in /opt/airflow/dags
[2025-12-03T09:45:15.781+0000] {manager.py:878} INFO - 
================================================================================
DAG File Processing Stats

File Path                                  PID  Runtime      # DAGs    # Errors  Last Runtime    Last Run
---------------------------------------  -----  ---------  --------  ----------  --------------  ----------
/opt/airflow/dags/stock_pipeline_dag.py    168  0.09s             0           0
================================================================================
[2025-12-03T09:45:46.118+0000] {manager.py:878} INFO - 
================================================================================
DAG File Processing Stats

File Path                                PID    Runtime      # DAGs    # Errors  Last Runtime    Last Run
---------------------------------------  -----  ---------  --------  ----------  --------------  -------------------
/opt/airflow/dags/stock_pipeline_dag.py                           1           0  0.62s           2025-12-03T09:45:16
================================================================================
[2025-12-03T09:46:18.923+0000] {manager.py:878} INFO - 
================================================================================
DAG File Processing Stats

File Path                                PID    Runtime      # DAGs    # Errors  Last Runtime    Last Run
---------------------------------------  -----  ---------  --------  ----------  --------------  -------------------
/opt/airflow/dags/stock_pipeline_dag.py                           1           0  0.35s           2025-12-03T09:46:17
================================================================================
[2025-12-03T09:46:50.594+0000] {manager.py:878} INFO - 
================================================================================
DAG File Processing Stats

File Path                                PID    Runtime      # DAGs    # Errors  Last Runtime    Last Run
---------------------------------------  -----  ---------  --------  ----------  --------------  -------------------
/opt/airflow/dags/stock_pipeline_dag.py                           1           0  0.20s           2025-12-03T09:46:48
================================================================================
[2025-12-03T09:47:20.950+0000] {manager.py:878} INFO - 
================================================================================
DAG File Processing Stats

File Path                                PID    Runtime      # DAGs    # Errors  Last Runtime    Last Run
---------------------------------------  -----  ---------  --------  ----------  --------------  -------------------
/opt/airflow/dags/stock_pipeline_dag.py                           1           0  0.23s           2025-12-03T09:47:19
================================================================================
[2025-12-03T09:47:53.126+0000] {manager.py:878} INFO - 
================================================================================
DAG File Processing Stats

File Path                                PID    Runtime      # DAGs    # Errors  Last Runtime    Last Run
---------------------------------------  -----  ---------  --------  ----------  --------------  -------------------
/opt/airflow/dags/stock_pipeline_dag.py                           1           0  0.61s           2025-12-03T09:47:50
================================================================================
[2025-12-03T09:48:23.361+0000] {manager.py:878} INFO - 
================================================================================
DAG File Processing Stats

File Path                                PID    Runtime      # DAGs    # Errors  Last Runtime    Last Run
---------------------------------------  -----  ---------  --------  ----------  --------------  -------------------
/opt/airflow/dags/stock_pipeline_dag.py                           1           0  0.24s           2025-12-03T09:48:20
================================================================================
[2025-12-03T09:48:53.840+0000] {manager.py:878} INFO - 
================================================================================
DAG File Processing Stats

File Path                                PID    Runtime      # DAGs    # Errors  Last Runtime    Last Run
---------------------------------------  -----  ---------  --------  ----------  --------------  -------------------
/opt/airflow/dags/stock_pipeline_dag.py                           1           0  0.23s           2025-12-03T09:48:50
================================================================================
[2025-12-03T09:49:24.083+0000] {manager.py:878} INFO - 
================================================================================
DAG File Processing Stats

File Path                                PID    Runtime      # DAGs    # Errors  Last Runtime    Last Run
---------------------------------------  -----  ---------  --------  ----------  --------------  -------------------
/opt/airflow/dags/stock_pipeline_dag.py                           1           0  0.22s           2025-12-03T09:49:21
================================================================================
[2025-12-03T09:49:54.305+0000] {manager.py:878} INFO - 
================================================================================
DAG File Processing Stats

File Path                                PID    Runtime      # DAGs    # Errors  Last Runtime    Last Run
---------------------------------------  -----  ---------  --------  ----------  --------------  -------------------
/opt/airflow/dags/stock_pipeline_dag.py                           1           0  0.19s           2025-12-03T09:49:51
================================================================================
[2025-12-03T09:50:15.548+0000] {manager.py:737} INFO - Searching for files in /opt/airflow/dags
[2025-12-03T09:50:15.592+0000] {manager.py:740} INFO - There are 1 files in /opt/airflow/dags
[2025-12-03T09:50:24.722+0000] {manager.py:878} INFO - 
================================================================================
DAG File Processing Stats

File Path                                PID    Runtime      # DAGs    # Errors  Last Runtime    Last Run
---------------------------------------  -----  ---------  --------  ----------  --------------  -------------------
/opt/airflow/dags/stock_pipeline_dag.py                           1           0  0.23s           2025-12-03T09:50:21
================================================================================
[2025-12-03T09:50:55.145+0000] {manager.py:878} INFO - 
================================================================================
DAG File Processing Stats

File Path                                PID    Runtime      # DAGs    # Errors  Last Runtime    Last Run
---------------------------------------  -----  ---------  --------  ----------  --------------  -------------------
/opt/airflow/dags/stock_pipeline_dag.py                           1           0  0.27s           2025-12-03T09:50:52
================================================================================
[2025-12-03T09:51:25.641+0000] {manager.py:878} INFO - 
================================================================================
DAG File Processing Stats

File Path                                PID    Runtime      # DAGs    # Errors  Last Runtime    Last Run
---------------------------------------  -----  ---------  --------  ----------  --------------  -------------------
/opt/airflow/dags/stock_pipeline_dag.py                           1           0  0.26s           2025-12-03T09:51:22
================================================================================
[2025-12-03T09:51:56.148+0000] {manager.py:878} INFO - 
================================================================================
DAG File Processing Stats

File Path                                PID    Runtime      # DAGs    # Errors  Last Runtime    Last Run
---------------------------------------  -----  ---------  --------  ----------  --------------  -------------------
/opt/airflow/dags/stock_pipeline_dag.py                           1           0  0.20s           2025-12-03T09:51:53
================================================================================
[2025-12-03T09:52:26.557+0000] {manager.py:878} INFO - 
================================================================================
DAG File Processing Stats

File Path                                PID    Runtime      # DAGs    # Errors  Last Runtime    Last Run
---------------------------------------  -----  ---------  --------  ----------  --------------  -------------------
/opt/airflow/dags/stock_pipeline_dag.py                           1           0  0.50s           2025-12-03T09:52:23
================================================================================
[2025-12-03T09:52:56.716+0000] {manager.py:878} INFO - 
================================================================================
DAG File Processing Stats

File Path                                PID    Runtime      # DAGs    # Errors  Last Runtime    Last Run
---------------------------------------  -----  ---------  --------  ----------  --------------  -------------------
/opt/airflow/dags/stock_pipeline_dag.py                           1           0  0.63s           2025-12-03T09:52:54
================================================================================
[2025-12-03T09:53:26.943+0000] {manager.py:878} INFO - 
================================================================================
DAG File Processing Stats

File Path                                PID    Runtime      # DAGs    # Errors  Last Runtime    Last Run
---------------------------------------  -----  ---------  --------  ----------  --------------  -------------------
/opt/airflow/dags/stock_pipeline_dag.py                           1           0  0.25s           2025-12-03T09:53:25
================================================================================
[2025-12-03T09:53:57.399+0000] {manager.py:878} INFO - 
================================================================================
DAG File Processing Stats

File Path                                PID    Runtime      # DAGs    # Errors  Last Runtime    Last Run
---------------------------------------  -----  ---------  --------  ----------  --------------  -------------------
/opt/airflow/dags/stock_pipeline_dag.py                           1           0  0.23s           2025-12-03T09:53:55
================================================================================
[2025-12-03T09:54:27.828+0000] {manager.py:878} INFO - 
================================================================================
DAG File Processing Stats

File Path                                PID    Runtime      # DAGs    # Errors  Last Runtime    Last Run
---------------------------------------  -----  ---------  --------  ----------  --------------  -------------------
/opt/airflow/dags/stock_pipeline_dag.py                           1           0  0.20s           2025-12-03T09:54:25
================================================================================
[2025-12-03T09:54:58.080+0000] {manager.py:878} INFO - 
================================================================================
DAG File Processing Stats

File Path                                PID    Runtime      # DAGs    # Errors  Last Runtime    Last Run
---------------------------------------  -----  ---------  --------  ----------  --------------  -------------------
/opt/airflow/dags/stock_pipeline_dag.py                           1           0  0.20s           2025-12-03T09:54:56
================================================================================
[2025-12-03T09:55:16.212+0000] {manager.py:737} INFO - Searching for files in /opt/airflow/dags
[2025-12-03T09:55:16.260+0000] {manager.py:740} INFO - There are 1 files in /opt/airflow/dags
[2025-12-03T09:55:28.478+0000] {manager.py:878} INFO - 
================================================================================
DAG File Processing Stats

File Path                                PID    Runtime      # DAGs    # Errors  Last Runtime    Last Run
---------------------------------------  -----  ---------  --------  ----------  --------------  -------------------
/opt/airflow/dags/stock_pipeline_dag.py                           1           0  0.21s           2025-12-03T09:55:26
================================================================================
[2025-12-03T09:55:58.777+0000] {manager.py:878} INFO - 
================================================================================
DAG File Processing Stats

File Path                                PID    Runtime      # DAGs    # Errors  Last Runtime    Last Run
---------------------------------------  -----  ---------  --------  ----------  --------------  -------------------
/opt/airflow/dags/stock_pipeline_dag.py                           1           0  0.20s           2025-12-03T09:55:56
================================================================================
[2025-12-03T09:56:29.095+0000] {manager.py:878} INFO - 
================================================================================
DAG File Processing Stats

File Path                                PID    Runtime      # DAGs    # Errors  Last Runtime    Last Run
---------------------------------------  -----  ---------  --------  ----------  --------------  -------------------
/opt/airflow/dags/stock_pipeline_dag.py                           1           0  0.23s           2025-12-03T09:56:27
================================================================================
[2025-12-03T09:56:59.235+0000] {manager.py:878} INFO - 
================================================================================
DAG File Processing Stats

File Path                                PID    Runtime      # DAGs    # Errors  Last Runtime    Last Run
---------------------------------------  -----  ---------  --------  ----------  --------------  -------------------
/opt/airflow/dags/stock_pipeline_dag.py                           1           0  0.93s           2025-12-03T09:56:58
================================================================================
[2025-12-03T09:57:29.654+0000] {manager.py:878} INFO - 
================================================================================
DAG File Processing Stats

File Path                                PID    Runtime      # DAGs    # Errors  Last Runtime    Last Run
---------------------------------------  -----  ---------  --------  ----------  --------------  -------------------
/opt/airflow/dags/stock_pipeline_dag.py                           1           0  0.43s           2025-12-03T09:57:28
================================================================================
[2025-12-03T09:57:59.885+0000] {manager.py:878} INFO - 
================================================================================
DAG File Processing Stats

File Path                                PID    Runtime      # DAGs    # Errors  Last Runtime    Last Run
---------------------------------------  -----  ---------  --------  ----------  --------------  -------------------
/opt/airflow/dags/stock_pipeline_dag.py                           1           0  0.92s           2025-12-03T09:57:59
================================================================================
[2025-12-03T09:58:30.258+0000] {manager.py:878} INFO - 
================================================================================
DAG File Processing Stats

File Path                                PID    Runtime      # DAGs    # Errors  Last Runtime    Last Run
---------------------------------------  -----  ---------  --------  ----------  --------------  -------------------
/opt/airflow/dags/stock_pipeline_dag.py                           1           0  0.23s           2025-12-03T09:58:29
================================================================================
[2025-12-03T09:59:00.597+0000] {manager.py:878} INFO - 
================================================================================
DAG File Processing Stats

File Path                                PID    Runtime      # DAGs    # Errors  Last Runtime    Last Run
---------------------------------------  -----  ---------  --------  ----------  --------------  -------------------
/opt/airflow/dags/stock_pipeline_dag.py                           1           0  0.23s           2025-12-03T09:58:59
================================================================================
[2025-12-03T09:59:31.021+0000] {manager.py:878} INFO - 
================================================================================
DAG File Processing Stats

File Path                                PID    Runtime      # DAGs    # Errors  Last Runtime    Last Run
---------------------------------------  -----  ---------  --------  ----------  --------------  -------------------
/opt/airflow/dags/stock_pipeline_dag.py                           1           0  0.24s           2025-12-03T09:59:30
================================================================================
[2025-12-03T10:00:01.473+0000] {manager.py:878} INFO - 
================================================================================
DAG File Processing Stats

File Path                                PID    Runtime      # DAGs    # Errors  Last Runtime    Last Run
---------------------------------------  -----  ---------  --------  ----------  --------------  -------------------
/opt/airflow/dags/stock_pipeline_dag.py                           1           0  0.23s           2025-12-03T10:00:00
================================================================================
[2025-12-03T10:00:16.578+0000] {manager.py:737} INFO - Searching for files in /opt/airflow/dags
[2025-12-03T10:00:16.619+0000] {manager.py:740} INFO - There are 1 files in /opt/airflow/dags
[2025-12-03T10:00:31.902+0000] {manager.py:878} INFO - 
================================================================================
DAG File Processing Stats

File Path                                PID    Runtime      # DAGs    # Errors  Last Runtime    Last Run
---------------------------------------  -----  ---------  --------  ----------  --------------  -------------------
/opt/airflow/dags/stock_pipeline_dag.py                           1           0  0.25s           2025-12-03T10:00:31
================================================================================
[2025-12-03T10:01:02.213+0000] {manager.py:878} INFO - 
================================================================================
DAG File Processing Stats

File Path                                PID    Runtime      # DAGs    # Errors  Last Runtime    Last Run
---------------------------------------  -----  ---------  --------  ----------  --------------  -------------------
/opt/airflow/dags/stock_pipeline_dag.py                           1           0  0.20s           2025-12-03T10:01:01
================================================================================
[2025-12-03T10:01:32.527+0000] {manager.py:878} INFO - 
================================================================================
DAG File Processing Stats

File Path                                PID    Runtime      # DAGs    # Errors  Last Runtime    Last Run
---------------------------------------  -----  ---------  --------  ----------  --------------  -------------------
/opt/airflow/dags/stock_pipeline_dag.py                           1           0  0.24s           2025-12-03T10:01:31
================================================================================
[2025-12-03T10:01:35.668+0000] {manager.py:452} INFO - Exiting gracefully upon receiving signal 15
[2025-12-03T10:02:15.517+0000] {manager.py:470} INFO - Processing files using up to 2 processes at a time 
[2025-12-03T10:02:15.519+0000] {manager.py:471} INFO - Process each file at most once every 30 seconds
[2025-12-03T10:02:15.520+0000] {manager.py:472} INFO - Checking for new files in /opt/airflow/dags every 300 seconds
[2025-12-03T10:02:15.521+0000] {manager.py:737} INFO - Searching for files in /opt/airflow/dags
[2025-12-03T10:02:15.568+0000] {manager.py:740} INFO - There are 1 files in /opt/airflow/dags
[2025-12-03T10:02:15.861+0000] {manager.py:878} INFO - 
================================================================================
DAG File Processing Stats

File Path                                  PID  Runtime      # DAGs    # Errors  Last Runtime    Last Run
---------------------------------------  -----  ---------  --------  ----------  --------------  ----------
/opt/airflow/dags/stock_pipeline_dag.py    184  0.11s             0           0
================================================================================
[2025-12-03T10:02:46.290+0000] {manager.py:878} INFO - 
================================================================================
DAG File Processing Stats

File Path                                  PID  Runtime      # DAGs    # Errors  Last Runtime    Last Run
---------------------------------------  -----  ---------  --------  ----------  --------------  -------------------
/opt/airflow/dags/stock_pipeline_dag.py    190  0.01s             1           0  0.32s           2025-12-03T10:02:16
================================================================================
[2025-12-03T10:03:16.387+0000] {manager.py:878} INFO - 
================================================================================
DAG File Processing Stats

File Path                                PID    Runtime      # DAGs    # Errors  Last Runtime    Last Run
---------------------------------------  -----  ---------  --------  ----------  --------------  -------------------
/opt/airflow/dags/stock_pipeline_dag.py                           1           0  0.89s           2025-12-03T10:02:47
================================================================================
[2025-12-03T10:03:46.741+0000] {manager.py:878} INFO - 
================================================================================
DAG File Processing Stats

File Path                                PID    Runtime      # DAGs    # Errors  Last Runtime    Last Run
---------------------------------------  -----  ---------  --------  ----------  --------------  -------------------
/opt/airflow/dags/stock_pipeline_dag.py                           1           0  0.49s           2025-12-03T10:03:17
================================================================================
[2025-12-03T10:04:17.322+0000] {manager.py:878} INFO - 
================================================================================
DAG File Processing Stats

File Path                                PID    Runtime      # DAGs    # Errors  Last Runtime    Last Run
---------------------------------------  -----  ---------  --------  ----------  --------------  -------------------
/opt/airflow/dags/stock_pipeline_dag.py                           1           0  0.36s           2025-12-03T10:03:48
================================================================================
[2025-12-03T10:04:47.948+0000] {manager.py:878} INFO - 
================================================================================
DAG File Processing Stats

File Path                                PID    Runtime      # DAGs    # Errors  Last Runtime    Last Run
---------------------------------------  -----  ---------  --------  ----------  --------------  -------------------
/opt/airflow/dags/stock_pipeline_dag.py                           1           0  0.22s           2025-12-03T10:04:18
================================================================================
[2025-12-03T10:05:18.310+0000] {manager.py:878} INFO - 
================================================================================
DAG File Processing Stats

File Path                                PID    Runtime      # DAGs    # Errors  Last Runtime    Last Run
---------------------------------------  -----  ---------  --------  ----------  --------------  -------------------
/opt/airflow/dags/stock_pipeline_dag.py                           1           0  0.38s           2025-12-03T10:04:49
================================================================================
[2025-12-03T10:05:48.787+0000] {manager.py:878} INFO - 
================================================================================
DAG File Processing Stats

File Path                                PID    Runtime      # DAGs    # Errors  Last Runtime    Last Run
---------------------------------------  -----  ---------  --------  ----------  --------------  -------------------
/opt/airflow/dags/stock_pipeline_dag.py                           1           0  0.23s           2025-12-03T10:05:19
================================================================================
[2025-12-03T10:06:19.201+0000] {manager.py:878} INFO - 
================================================================================
DAG File Processing Stats

File Path                                PID    Runtime      # DAGs    # Errors  Last Runtime    Last Run
---------------------------------------  -----  ---------  --------  ----------  --------------  -------------------
/opt/airflow/dags/stock_pipeline_dag.py                           1           0  0.23s           2025-12-03T10:05:50
================================================================================
[2025-12-03T10:06:49.658+0000] {manager.py:878} INFO - 
================================================================================
DAG File Processing Stats

File Path                                PID    Runtime      # DAGs    # Errors  Last Runtime    Last Run
---------------------------------------  -----  ---------  --------  ----------  --------------  -------------------
/opt/airflow/dags/stock_pipeline_dag.py                           1           0  0.23s           2025-12-03T10:06:20
================================================================================
[2025-12-03T10:07:16.061+0000] {manager.py:737} INFO - Searching for files in /opt/airflow/dags
[2025-12-03T10:07:16.100+0000] {manager.py:740} INFO - There are 1 files in /opt/airflow/dags
[2025-12-03T10:07:20.160+0000] {manager.py:878} INFO - 
================================================================================
DAG File Processing Stats

File Path                                PID    Runtime      # DAGs    # Errors  Last Runtime    Last Run
---------------------------------------  -----  ---------  --------  ----------  --------------  -------------------
/opt/airflow/dags/stock_pipeline_dag.py                           1           0  0.24s           2025-12-03T10:06:51
================================================================================
[2025-12-03T10:07:50.545+0000] {manager.py:878} INFO - 
================================================================================
DAG File Processing Stats

File Path                                PID    Runtime      # DAGs    # Errors  Last Runtime    Last Run
---------------------------------------  -----  ---------  --------  ----------  --------------  -------------------
/opt/airflow/dags/stock_pipeline_dag.py                           1           0  0.21s           2025-12-03T10:07:21
================================================================================
[2025-12-03T10:08:20.795+0000] {manager.py:878} INFO - 
================================================================================
DAG File Processing Stats

File Path                                PID    Runtime      # DAGs    # Errors  Last Runtime    Last Run
---------------------------------------  -----  ---------  --------  ----------  --------------  -------------------
/opt/airflow/dags/stock_pipeline_dag.py                           1           0  0.19s           2025-12-03T10:07:51
================================================================================
[2025-12-03T10:08:51.153+0000] {manager.py:878} INFO - 
================================================================================
DAG File Processing Stats

File Path                                PID    Runtime      # DAGs    # Errors  Last Runtime    Last Run
---------------------------------------  -----  ---------  --------  ----------  --------------  -------------------
/opt/airflow/dags/stock_pipeline_dag.py                           1           0  0.40s           2025-12-03T10:08:22
================================================================================
[2025-12-03T10:09:21.651+0000] {manager.py:878} INFO - 
================================================================================
DAG File Processing Stats

File Path                                PID    Runtime      # DAGs    # Errors  Last Runtime    Last Run
---------------------------------------  -----  ---------  --------  ----------  --------------  -------------------
/opt/airflow/dags/stock_pipeline_dag.py                           1           0  0.23s           2025-12-03T10:08:52
================================================================================
[2025-12-03T10:09:52.128+0000] {manager.py:878} INFO - 
================================================================================
DAG File Processing Stats

File Path                                PID    Runtime      # DAGs    # Errors  Last Runtime    Last Run
---------------------------------------  -----  ---------  --------  ----------  --------------  -------------------
/opt/airflow/dags/stock_pipeline_dag.py                           1           0  0.24s           2025-12-03T10:09:22
================================================================================
[2025-12-03T10:10:22.375+0000] {manager.py:878} INFO - 
================================================================================
DAG File Processing Stats

File Path                                PID    Runtime      # DAGs    # Errors  Last Runtime    Last Run
---------------------------------------  -----  ---------  --------  ----------  --------------  -------------------
/opt/airflow/dags/stock_pipeline_dag.py                           1           0  0.19s           2025-12-03T10:09:53
================================================================================
[2025-12-03T10:10:52.779+0000] {manager.py:878} INFO - 
================================================================================
DAG File Processing Stats

File Path                                PID    Runtime      # DAGs    # Errors  Last Runtime    Last Run
---------------------------------------  -----  ---------  --------  ----------  --------------  -------------------
/opt/airflow/dags/stock_pipeline_dag.py                           1           0  0.19s           2025-12-03T10:10:23
================================================================================
[2025-12-03T10:11:47.602+0000] {manager.py:470} INFO - Processing files using up to 2 processes at a time 
[2025-12-03T10:11:47.604+0000] {manager.py:471} INFO - Process each file at most once every 30 seconds
[2025-12-03T10:11:47.606+0000] {manager.py:472} INFO - Checking for new files in /opt/airflow/dags every 300 seconds
[2025-12-03T10:11:47.607+0000] {manager.py:737} INFO - Searching for files in /opt/airflow/dags
[2025-12-03T10:11:47.649+0000] {manager.py:740} INFO - There are 1 files in /opt/airflow/dags
[2025-12-03T10:11:48.034+0000] {manager.py:878} INFO - 
================================================================================
DAG File Processing Stats

File Path                                  PID  Runtime      # DAGs    # Errors  Last Runtime    Last Run
---------------------------------------  -----  ---------  --------  ----------  --------------  ----------
/opt/airflow/dags/stock_pipeline_dag.py    184  0.17s             0           0
================================================================================
[2025-12-03T10:12:18.329+0000] {manager.py:878} INFO - 
================================================================================
DAG File Processing Stats

File Path                                  PID  Runtime      # DAGs    # Errors  Last Runtime    Last Run
---------------------------------------  -----  ---------  --------  ----------  --------------  -------------------
/opt/airflow/dags/stock_pipeline_dag.py    190  0.01s             1           0  0.33s           2025-12-03T10:11:48
================================================================================
[2025-12-03T10:12:48.394+0000] {manager.py:878} INFO - 
================================================================================
DAG File Processing Stats

File Path                                PID    Runtime      # DAGs    # Errors  Last Runtime    Last Run
---------------------------------------  -----  ---------  --------  ----------  --------------  -------------------
/opt/airflow/dags/stock_pipeline_dag.py                           1           0  0.86s           2025-12-03T10:12:19
================================================================================
[2025-12-03T10:13:18.842+0000] {manager.py:878} INFO - 
================================================================================
DAG File Processing Stats

File Path                                PID    Runtime      # DAGs    # Errors  Last Runtime    Last Run
---------------------------------------  -----  ---------  --------  ----------  --------------  -------------------
/opt/airflow/dags/stock_pipeline_dag.py                           1           0  0.26s           2025-12-03T10:12:49
================================================================================
[2025-12-03T10:13:49.115+0000] {manager.py:878} INFO - 
================================================================================
DAG File Processing Stats

File Path                                PID    Runtime      # DAGs    # Errors  Last Runtime    Last Run
---------------------------------------  -----  ---------  --------  ----------  --------------  -------------------
/opt/airflow/dags/stock_pipeline_dag.py                           1           0  0.32s           2025-12-03T10:13:20
================================================================================
[2025-12-03T10:14:19.622+0000] {manager.py:878} INFO - 
================================================================================
DAG File Processing Stats

File Path                                PID    Runtime      # DAGs    # Errors  Last Runtime    Last Run
---------------------------------------  -----  ---------  --------  ----------  --------------  -------------------
/opt/airflow/dags/stock_pipeline_dag.py                           1           0  0.24s           2025-12-03T10:13:50
================================================================================
[2025-12-03T10:14:49.867+0000] {manager.py:878} INFO - 
================================================================================
DAG File Processing Stats

File Path                                PID    Runtime      # DAGs    # Errors  Last Runtime    Last Run
---------------------------------------  -----  ---------  --------  ----------  --------------  -------------------
/opt/airflow/dags/stock_pipeline_dag.py                           1           0  0.90s           2025-12-03T10:14:21
================================================================================
[2025-12-03T10:15:20.204+0000] {manager.py:878} INFO - 
================================================================================
DAG File Processing Stats

File Path                                PID    Runtime      # DAGs    # Errors  Last Runtime    Last Run
---------------------------------------  -----  ---------  --------  ----------  --------------  -------------------
/opt/airflow/dags/stock_pipeline_dag.py                           1           0  0.30s           2025-12-03T10:14:52
================================================================================
[2025-12-03T10:15:50.639+0000] {manager.py:878} INFO - 
================================================================================
DAG File Processing Stats

File Path                                PID    Runtime      # DAGs    # Errors  Last Runtime    Last Run
---------------------------------------  -----  ---------  --------  ----------  --------------  -------------------
/opt/airflow/dags/stock_pipeline_dag.py                           1           0  0.37s           2025-12-03T10:15:22
================================================================================
[2025-12-03T10:16:21.026+0000] {manager.py:878} INFO - 
================================================================================
DAG File Processing Stats

File Path                                PID    Runtime      # DAGs    # Errors  Last Runtime    Last Run
---------------------------------------  -----  ---------  --------  ----------  --------------  -------------------
/opt/airflow/dags/stock_pipeline_dag.py                           1           0  0.30s           2025-12-03T10:15:52
================================================================================
[2025-12-03T10:16:48.321+0000] {manager.py:737} INFO - Searching for files in /opt/airflow/dags
[2025-12-03T10:16:48.367+0000] {manager.py:740} INFO - There are 1 files in /opt/airflow/dags
[2025-12-03T10:16:51.421+0000] {manager.py:878} INFO - 
================================================================================
DAG File Processing Stats

File Path                                PID    Runtime      # DAGs    # Errors  Last Runtime    Last Run
---------------------------------------  -----  ---------  --------  ----------  --------------  -------------------
/opt/airflow/dags/stock_pipeline_dag.py                           1           0  0.23s           2025-12-03T10:16:23
================================================================================
[2025-12-03T10:17:25.996+0000] {manager.py:878} INFO - 
================================================================================
DAG File Processing Stats

File Path                                  PID  Runtime      # DAGs    # Errors  Last Runtime    Last Run
---------------------------------------  -----  ---------  --------  ----------  --------------  -------------------
/opt/airflow/dags/stock_pipeline_dag.py    246  0.01s             1           0  0.21s           2025-12-03T10:16:53
================================================================================
[2025-12-03T10:17:52.081+0000] {manager.py:878} INFO - 
================================================================================
DAG File Processing Stats

File Path                                PID    Runtime      # DAGs    # Errors  Last Runtime    Last Run
---------------------------------------  -----  ---------  --------  ----------  --------------  -------------------
/opt/airflow/dags/stock_pipeline_dag.py                           1           0  0.23s           2025-12-03T10:17:26
================================================================================
[2025-12-03T10:18:22.349+0000] {manager.py:878} INFO - 
================================================================================
DAG File Processing Stats

File Path                                PID    Runtime      # DAGs    # Errors  Last Runtime    Last Run
---------------------------------------  -----  ---------  --------  ----------  --------------  -------------------
/opt/airflow/dags/stock_pipeline_dag.py                           1           0  0.55s           2025-12-03T10:17:57
================================================================================
[2025-12-03T10:18:52.361+0000] {manager.py:878} INFO - 
================================================================================
DAG File Processing Stats

File Path                                PID    Runtime      # DAGs    # Errors  Last Runtime    Last Run
---------------------------------------  -----  ---------  --------  ----------  --------------  -------------------
/opt/airflow/dags/stock_pipeline_dag.py                           1           0  0.25s           2025-12-03T10:18:28
================================================================================
[2025-12-03T10:19:22.631+0000] {manager.py:878} INFO - 
================================================================================
DAG File Processing Stats

File Path                                PID    Runtime      # DAGs    # Errors  Last Runtime    Last Run
---------------------------------------  -----  ---------  --------  ----------  --------------  -------------------
/opt/airflow/dags/stock_pipeline_dag.py                           1           0  0.22s           2025-12-03T10:18:58
================================================================================
[2025-12-03T10:19:53.003+0000] {manager.py:878} INFO - 
================================================================================
DAG File Processing Stats

File Path                                PID    Runtime      # DAGs    # Errors  Last Runtime    Last Run
---------------------------------------  -----  ---------  --------  ----------  --------------  -------------------
/opt/airflow/dags/stock_pipeline_dag.py                           1           0  0.33s           2025-12-03T10:19:29
================================================================================
[2025-12-03T10:20:23.427+0000] {manager.py:878} INFO - 
================================================================================
DAG File Processing Stats

File Path                                PID    Runtime      # DAGs    # Errors  Last Runtime    Last Run
---------------------------------------  -----  ---------  --------  ----------  --------------  -------------------
/opt/airflow/dags/stock_pipeline_dag.py                           1           0  0.22s           2025-12-03T10:19:59
================================================================================
[2025-12-03T10:20:53.704+0000] {manager.py:878} INFO - 
================================================================================
DAG File Processing Stats

File Path                                PID    Runtime      # DAGs    # Errors  Last Runtime    Last Run
---------------------------------------  -----  ---------  --------  ----------  --------------  -------------------
/opt/airflow/dags/stock_pipeline_dag.py                           1           0  0.23s           2025-12-03T10:20:29
================================================================================
[2025-12-03T10:21:24.127+0000] {manager.py:878} INFO - 
================================================================================
DAG File Processing Stats

File Path                                PID    Runtime      # DAGs    # Errors  Last Runtime    Last Run
---------------------------------------  -----  ---------  --------  ----------  --------------  -------------------
/opt/airflow/dags/stock_pipeline_dag.py                           1           0  0.21s           2025-12-03T10:20:59
================================================================================
[2025-12-03T10:21:48.328+0000] {manager.py:737} INFO - Searching for files in /opt/airflow/dags
[2025-12-03T10:21:48.374+0000] {manager.py:740} INFO - There are 1 files in /opt/airflow/dags
[2025-12-03T10:21:54.448+0000] {manager.py:878} INFO - 
================================================================================
DAG File Processing Stats

File Path                                PID    Runtime      # DAGs    # Errors  Last Runtime    Last Run
---------------------------------------  -----  ---------  --------  ----------  --------------  -------------------
/opt/airflow/dags/stock_pipeline_dag.py                           1           0  0.22s           2025-12-03T10:21:30
================================================================================
[2025-12-03T10:22:24.776+0000] {manager.py:878} INFO - 
================================================================================
DAG File Processing Stats

File Path                                PID    Runtime      # DAGs    # Errors  Last Runtime    Last Run
---------------------------------------  -----  ---------  --------  ----------  --------------  -------------------
/opt/airflow/dags/stock_pipeline_dag.py                           1           0  0.43s           2025-12-03T10:22:00
================================================================================
[2025-12-03T10:23:30.540+0000] {manager.py:470} INFO - Processing files using up to 2 processes at a time 
[2025-12-03T10:23:30.542+0000] {manager.py:471} INFO - Process each file at most once every 30 seconds
[2025-12-03T10:23:30.543+0000] {manager.py:472} INFO - Checking for new files in /opt/airflow/dags every 300 seconds
[2025-12-03T10:23:30.544+0000] {manager.py:737} INFO - Searching for files in /opt/airflow/dags
[2025-12-03T10:23:30.582+0000] {manager.py:740} INFO - There are 1 files in /opt/airflow/dags
[2025-12-03T10:23:30.828+0000] {manager.py:878} INFO - 
================================================================================
DAG File Processing Stats

File Path                                  PID  Runtime      # DAGs    # Errors  Last Runtime    Last Run
---------------------------------------  -----  ---------  --------  ----------  --------------  ----------
/opt/airflow/dags/stock_pipeline_dag.py    186  0.10s             0           0
================================================================================
[2025-12-03T10:24:01.048+0000] {manager.py:878} INFO - 
================================================================================
DAG File Processing Stats

File Path                                PID    Runtime      # DAGs    # Errors  Last Runtime    Last Run
---------------------------------------  -----  ---------  --------  ----------  --------------  -------------------
/opt/airflow/dags/stock_pipeline_dag.py                           1           0  0.32s           2025-12-03T10:23:31
================================================================================
[2025-12-03T10:24:35.760+0000] {manager.py:878} INFO - 
================================================================================
DAG File Processing Stats

File Path                                PID    Runtime      # DAGs    # Errors  Last Runtime    Last Run
---------------------------------------  -----  ---------  --------  ----------  --------------  -------------------
/opt/airflow/dags/stock_pipeline_dag.py                           1           0  0.32s           2025-12-03T10:24:34
================================================================================
[2025-12-03T10:25:01.709+0000] {manager.py:878} INFO - 
================================================================================
DAG File Processing Stats

File Path                                PID    Runtime      # DAGs    # Errors  Last Runtime    Last Run
---------------------------------------  -----  ---------  --------  ----------  --------------  -------------------
/opt/airflow/dags/stock_pipeline_dag.py                           1           0  0.32s           2025-12-03T10:24:34
================================================================================
[2025-12-03T10:25:32.223+0000] {manager.py:878} INFO - 
================================================================================
DAG File Processing Stats

File Path                                PID    Runtime      # DAGs    # Errors  Last Runtime    Last Run
---------------------------------------  -----  ---------  --------  ----------  --------------  -------------------
/opt/airflow/dags/stock_pipeline_dag.py                           1           0  0.48s           2025-12-03T10:25:05
================================================================================
[2025-12-03T10:26:02.620+0000] {manager.py:878} INFO - 
================================================================================
DAG File Processing Stats

File Path                                PID    Runtime      # DAGs    # Errors  Last Runtime    Last Run
---------------------------------------  -----  ---------  --------  ----------  --------------  -------------------
/opt/airflow/dags/stock_pipeline_dag.py                           1           0  0.37s           2025-12-03T10:25:35
================================================================================
[2025-12-03T10:26:33.064+0000] {manager.py:878} INFO - 
================================================================================
DAG File Processing Stats

File Path                                PID    Runtime      # DAGs    # Errors  Last Runtime    Last Run
---------------------------------------  -----  ---------  --------  ----------  --------------  -------------------
/opt/airflow/dags/stock_pipeline_dag.py                           1           0  0.24s           2025-12-03T10:26:05
================================================================================
[2025-12-03T10:27:03.342+0000] {manager.py:878} INFO - 
================================================================================
DAG File Processing Stats

File Path                                PID    Runtime      # DAGs    # Errors  Last Runtime    Last Run
---------------------------------------  -----  ---------  --------  ----------  --------------  -------------------
/opt/airflow/dags/stock_pipeline_dag.py                           1           0  0.27s           2025-12-03T10:26:38
================================================================================
[2025-12-03T10:27:38.080+0000] {manager.py:878} INFO - 
================================================================================
DAG File Processing Stats

File Path                                PID    Runtime      # DAGs    # Errors  Last Runtime    Last Run
---------------------------------------  -----  ---------  --------  ----------  --------------  -------------------
/opt/airflow/dags/stock_pipeline_dag.py                           1           0  0.30s           2025-12-03T10:27:09
================================================================================
[2025-12-03T10:28:04.062+0000] {manager.py:878} INFO - 
================================================================================
DAG File Processing Stats

File Path                                PID    Runtime      # DAGs    # Errors  Last Runtime    Last Run
---------------------------------------  -----  ---------  --------  ----------  --------------  -------------------
/opt/airflow/dags/stock_pipeline_dag.py                           1           0  0.27s           2025-12-03T10:27:40
================================================================================
[2025-12-03T10:28:31.447+0000] {manager.py:737} INFO - Searching for files in /opt/airflow/dags
[2025-12-03T10:28:31.489+0000] {manager.py:740} INFO - There are 1 files in /opt/airflow/dags
[2025-12-03T10:28:34.537+0000] {manager.py:878} INFO - 
================================================================================
DAG File Processing Stats

File Path                                PID    Runtime      # DAGs    # Errors  Last Runtime    Last Run
---------------------------------------  -----  ---------  --------  ----------  --------------  -------------------
/opt/airflow/dags/stock_pipeline_dag.py                           1           0  0.21s           2025-12-03T10:28:11
================================================================================
[2025-12-03T10:29:04.836+0000] {manager.py:878} INFO - 
================================================================================
DAG File Processing Stats

File Path                                PID    Runtime      # DAGs    # Errors  Last Runtime    Last Run
---------------------------------------  -----  ---------  --------  ----------  --------------  -------------------
/opt/airflow/dags/stock_pipeline_dag.py                           1           0  0.21s           2025-12-03T10:28:41
================================================================================
[2025-12-03T10:29:39.419+0000] {manager.py:878} INFO - 
================================================================================
DAG File Processing Stats

File Path                                PID    Runtime      # DAGs    # Errors  Last Runtime    Last Run
---------------------------------------  -----  ---------  --------  ----------  --------------  -------------------
/opt/airflow/dags/stock_pipeline_dag.py                           1           0  0.21s           2025-12-03T10:29:12
================================================================================
[2025-12-03T10:30:05.492+0000] {manager.py:878} INFO - 
================================================================================
DAG File Processing Stats

File Path                                PID    Runtime      # DAGs    # Errors  Last Runtime    Last Run
---------------------------------------  -----  ---------  --------  ----------  --------------  -------------------
/opt/airflow/dags/stock_pipeline_dag.py                           1           0  0.32s           2025-12-03T10:29:42
================================================================================
[2025-12-03T10:30:40.000+0000] {manager.py:878} INFO - 
================================================================================
DAG File Processing Stats

File Path                                PID    Runtime      # DAGs    # Errors  Last Runtime    Last Run
---------------------------------------  -----  ---------  --------  ----------  --------------  -------------------
/opt/airflow/dags/stock_pipeline_dag.py                           1           0  0.21s           2025-12-03T10:30:13
================================================================================
[2025-12-03T10:30:49.131+0000] {manager.py:452} INFO - Exiting gracefully upon receiving signal 15
