[2025-12-03T10:00:01.256+0000] {local_task_job_runner.py:120} INFO - ::group::Pre task execution logs
[2025-12-03T10:00:01.310+0000] {taskinstance.py:2076} INFO - Dependencies all met for dep_context=non-requeueable deps ti=<TaskInstance: stock_data_pipeline.run_fetch_script scheduled__2025-12-03T09:00:00+00:00 [queued]>
[2025-12-03T10:00:01.321+0000] {taskinstance.py:2076} INFO - Dependencies all met for dep_context=requeueable deps ti=<TaskInstance: stock_data_pipeline.run_fetch_script scheduled__2025-12-03T09:00:00+00:00 [queued]>
[2025-12-03T10:00:01.324+0000] {taskinstance.py:2306} INFO - Starting attempt 1 of 3
[2025-12-03T10:00:01.343+0000] {taskinstance.py:2330} INFO - Executing <Task(BashOperator): run_fetch_script> on 2025-12-03 09:00:00+00:00
[2025-12-03T10:00:01.363+0000] {standard_task_runner.py:90} INFO - Running: ['airflow', 'tasks', 'run', 'stock_data_pipeline', 'run_fetch_script', 'scheduled__2025-12-03T09:00:00+00:00', '--job-id', '8', '--raw', '--subdir', 'DAGS_FOLDER/stock_pipeline_dag.py', '--cfg-path', '/tmp/tmpsgrb2ao4']
[2025-12-03T10:00:01.366+0000] {standard_task_runner.py:91} INFO - Job 8: Subtask run_fetch_script
[2025-12-03T10:00:01.370+0000] {logging_mixin.py:188} WARNING - /home/airflow/.local/lib/python3.12/site-packages/airflow/task/task_runner/standard_task_runner.py:61 DeprecationWarning: This process (pid=330) is multi-threaded, use of fork() may lead to deadlocks in the child.
[2025-12-03T10:00:01.371+0000] {standard_task_runner.py:63} INFO - Started process 331 to run task
[2025-12-03T10:00:01.470+0000] {task_command.py:426} INFO - Running <TaskInstance: stock_data_pipeline.run_fetch_script scheduled__2025-12-03T09:00:00+00:00 [running]> on host c25d47cdaa25
[2025-12-03T10:00:01.672+0000] {taskinstance.py:2648} INFO - Exporting env vars: AIRFLOW_CTX_DAG_OWNER='airflow' AIRFLOW_CTX_DAG_ID='stock_data_pipeline' AIRFLOW_CTX_TASK_ID='run_fetch_script' AIRFLOW_CTX_EXECUTION_DATE='2025-12-03T09:00:00+00:00' AIRFLOW_CTX_TRY_NUMBER='1' AIRFLOW_CTX_DAG_RUN_ID='scheduled__2025-12-03T09:00:00+00:00'
[2025-12-03T10:00:01.675+0000] {taskinstance.py:430} INFO - ::endgroup::
[2025-12-03T10:00:01.711+0000] {subprocess.py:63} INFO - Tmp dir root location: /tmp
[2025-12-03T10:00:01.715+0000] {subprocess.py:75} INFO - Running command: ['/usr/bin/bash', '-c', 'python /opt/airflow/scripts/fetch_and_update.py']
[2025-12-03T10:00:01.717+0000] {taskinstance.py:441} INFO - ::group::Post task execution logs
[2025-12-03T10:00:01.718+0000] {taskinstance.py:2905} ERROR - Task failed with exception
Traceback (most recent call last):
  File "/home/airflow/.local/lib/python3.12/site-packages/airflow/models/taskinstance.py", line 465, in _execute_task
    result = _execute_callable(context=context, **execute_callable_kwargs)
             ^^^^^^^^^^^^^^^^^^^^^^^^^^^^^^^^^^^^^^^^^^^^^^^^^^^^^^^^^^^^^
  File "/home/airflow/.local/lib/python3.12/site-packages/airflow/models/taskinstance.py", line 432, in _execute_callable
    return execute_callable(context=context, **execute_callable_kwargs)
           ^^^^^^^^^^^^^^^^^^^^^^^^^^^^^^^^^^^^^^^^^^^^^^^^^^^^^^^^^^^^
  File "/home/airflow/.local/lib/python3.12/site-packages/airflow/models/baseoperator.py", line 401, in wrapper
    return func(self, *args, **kwargs)
           ^^^^^^^^^^^^^^^^^^^^^^^^^^^
  File "/home/airflow/.local/lib/python3.12/site-packages/airflow/operators/bash.py", line 234, in execute
    result = self.subprocess_hook.run_command(
             ^^^^^^^^^^^^^^^^^^^^^^^^^^^^^^^^^
  File "/home/airflow/.local/lib/python3.12/site-packages/airflow/hooks/subprocess.py", line 77, in run_command
    self.sub_process = Popen(
                       ^^^^^^
  File "/usr/local/lib/python3.12/subprocess.py", line 1026, in __init__
    self._execute_child(args, executable, preexec_fn, close_fds,
  File "/usr/local/lib/python3.12/subprocess.py", line 1872, in _execute_child
    env_list.append(k + b'=' + os.fsencode(v))
                               ^^^^^^^^^^^^^^
  File "<frozen os>", line 847, in fsencode
TypeError: expected str, bytes or os.PathLike object, not NoneType
[2025-12-03T10:00:01.744+0000] {taskinstance.py:1206} INFO - Marking task as UP_FOR_RETRY. dag_id=stock_data_pipeline, task_id=run_fetch_script, run_id=scheduled__2025-12-03T09:00:00+00:00, execution_date=20251203T090000, start_date=20251203T100001, end_date=20251203T100001
[2025-12-03T10:00:01.765+0000] {standard_task_runner.py:110} ERROR - Failed to execute job 8 for task run_fetch_script (expected str, bytes or os.PathLike object, not NoneType; 331)
[2025-12-03T10:00:01.788+0000] {local_task_job_runner.py:240} INFO - Task exited with return code 1
[2025-12-03T10:00:01.818+0000] {taskinstance.py:3503} INFO - 0 downstream tasks scheduled from follow-on schedule check
[2025-12-03T10:00:01.821+0000] {local_task_job_runner.py:222} INFO - ::endgroup::
