[2025-12-03T09:58:14.046+0000] {local_task_job_runner.py:120} INFO - ::group::Pre task execution logs
[2025-12-03T09:58:14.186+0000] {taskinstance.py:2076} INFO - Dependencies all met for dep_context=non-requeueable deps ti=<TaskInstance: stock_data_pipeline.run_fetch_script manual__2025-12-03T09:48:07.702799+00:00 [queued]>
[2025-12-03T09:58:14.222+0000] {taskinstance.py:2076} INFO - Dependencies all met for dep_context=requeueable deps ti=<TaskInstance: stock_data_pipeline.run_fetch_script manual__2025-12-03T09:48:07.702799+00:00 [queued]>
[2025-12-03T09:58:14.225+0000] {taskinstance.py:2306} INFO - Starting attempt 3 of 3
[2025-12-03T09:58:14.324+0000] {taskinstance.py:2330} INFO - Executing <Task(BashOperator): run_fetch_script> on 2025-12-03 09:48:07.702799+00:00
[2025-12-03T09:58:14.382+0000] {logging_mixin.py:188} WARNING - /home/airflow/.local/lib/python3.12/site-packages/airflow/task/task_runner/standard_task_runner.py:61 DeprecationWarning: This process (pid=306) is multi-threaded, use of fork() may lead to deadlocks in the child.
[2025-12-03T09:58:14.369+0000] {standard_task_runner.py:90} INFO - Running: ['airflow', 'tasks', 'run', 'stock_data_pipeline', 'run_fetch_script', 'manual__2025-12-03T09:48:07.702799+00:00', '--job-id', '7', '--raw', '--subdir', 'DAGS_FOLDER/stock_pipeline_dag.py', '--cfg-path', '/tmp/tmpur1gjzqb']
[2025-12-03T09:58:14.390+0000] {standard_task_runner.py:63} INFO - Started process 308 to run task
[2025-12-03T09:58:14.390+0000] {standard_task_runner.py:91} INFO - Job 7: Subtask run_fetch_script
[2025-12-03T09:58:14.677+0000] {task_command.py:426} INFO - Running <TaskInstance: stock_data_pipeline.run_fetch_script manual__2025-12-03T09:48:07.702799+00:00 [running]> on host c25d47cdaa25
[2025-12-03T09:58:15.011+0000] {taskinstance.py:2648} INFO - Exporting env vars: AIRFLOW_CTX_DAG_OWNER='airflow' AIRFLOW_CTX_DAG_ID='stock_data_pipeline' AIRFLOW_CTX_TASK_ID='run_fetch_script' AIRFLOW_CTX_EXECUTION_DATE='2025-12-03T09:48:07.702799+00:00' AIRFLOW_CTX_TRY_NUMBER='3' AIRFLOW_CTX_DAG_RUN_ID='manual__2025-12-03T09:48:07.702799+00:00'
[2025-12-03T09:58:15.016+0000] {taskinstance.py:430} INFO - ::endgroup::
[2025-12-03T09:58:15.197+0000] {subprocess.py:63} INFO - Tmp dir root location: /tmp
[2025-12-03T09:58:15.200+0000] {subprocess.py:75} INFO - Running command: ['/usr/bin/bash', '-c', 'python /opt/airflow/scripts/fetch_and_update.py']
[2025-12-03T09:58:15.202+0000] {taskinstance.py:441} INFO - ::group::Post task execution logs
[2025-12-03T09:58:15.204+0000] {taskinstance.py:2905} ERROR - Task failed with exception
Traceback (most recent call last):
  File "/home/airflow/.local/lib/python3.12/site-packages/airflow/models/taskinstance.py", line 465, in _execute_task
    result = _execute_callable(context=context, **execute_callable_kwargs)
             ^^^^^^^^^^^^^^^^^^^^^^^^^^^^^^^^^^^^^^^^^^^^^^^^^^^^^^^^^^^^^
  File "/home/airflow/.local/lib/python3.12/site-packages/airflow/models/taskinstance.py", line 432, in _execute_callable
    return execute_callable(context=context, **execute_callable_kwargs)
           ^^^^^^^^^^^^^^^^^^^^^^^^^^^^^^^^^^^^^^^^^^^^^^^^^^^^^^^^^^^^
  File "/home/airflow/.local/lib/python3.12/site-packages/airflow/models/baseoperator.py", line 401, in wrapper
    return func(self, *args, **kwargs)
           ^^^^^^^^^^^^^^^^^^^^^^^^^^^
  File "/home/airflow/.local/lib/python3.12/site-packages/airflow/operators/bash.py", line 234, in execute
    result = self.subprocess_hook.run_command(
             ^^^^^^^^^^^^^^^^^^^^^^^^^^^^^^^^^
  File "/home/airflow/.local/lib/python3.12/site-packages/airflow/hooks/subprocess.py", line 77, in run_command
    self.sub_process = Popen(
                       ^^^^^^
  File "/usr/local/lib/python3.12/subprocess.py", line 1026, in __init__
    self._execute_child(args, executable, preexec_fn, close_fds,
  File "/usr/local/lib/python3.12/subprocess.py", line 1872, in _execute_child
    env_list.append(k + b'=' + os.fsencode(v))
                               ^^^^^^^^^^^^^^
  File "<frozen os>", line 847, in fsencode
TypeError: expected str, bytes or os.PathLike object, not NoneType
[2025-12-03T09:58:15.254+0000] {taskinstance.py:1206} INFO - Marking task as FAILED. dag_id=stock_data_pipeline, task_id=run_fetch_script, run_id=manual__2025-12-03T09:48:07.702799+00:00, execution_date=20251203T094807, start_date=20251203T095814, end_date=20251203T095815
[2025-12-03T09:58:15.313+0000] {standard_task_runner.py:110} ERROR - Failed to execute job 7 for task run_fetch_script (expected str, bytes or os.PathLike object, not NoneType; 308)
[2025-12-03T09:58:15.350+0000] {local_task_job_runner.py:240} INFO - Task exited with return code 1
[2025-12-03T09:58:15.397+0000] {taskinstance.py:3503} INFO - 0 downstream tasks scheduled from follow-on schedule check
[2025-12-03T09:58:15.401+0000] {local_task_job_runner.py:222} INFO - ::endgroup::
