[2025-12-03T10:32:03.695+0000] {local_task_job_runner.py:120} INFO - ::group::Pre task execution logs
[2025-12-03T10:32:03.921+0000] {taskinstance.py:2076} INFO - Dependencies all met for dep_context=non-requeueable deps ti=<TaskInstance: stock_data_pipeline.run_fetch_script manual__2025-12-03T10:32:02.138924+00:00 [queued]>
[2025-12-03T10:32:03.949+0000] {taskinstance.py:2076} INFO - Dependencies all met for dep_context=requeueable deps ti=<TaskInstance: stock_data_pipeline.run_fetch_script manual__2025-12-03T10:32:02.138924+00:00 [queued]>
[2025-12-03T10:32:03.951+0000] {taskinstance.py:2306} INFO - Starting attempt 1 of 3
[2025-12-03T10:32:03.988+0000] {taskinstance.py:2330} INFO - Executing <Task(BashOperator): run_fetch_script> on 2025-12-03 10:32:02.138924+00:00
[2025-12-03T10:32:04.020+0000] {standard_task_runner.py:90} INFO - Running: ['airflow', 'tasks', 'run', 'stock_data_pipeline', 'run_fetch_script', 'manual__2025-12-03T10:32:02.138924+00:00', '--job-id', '21', '--raw', '--subdir', 'DAGS_FOLDER/stock_pipeline_dag.py', '--cfg-path', '/tmp/tmpu_56e6i8']
[2025-12-03T10:32:04.030+0000] {standard_task_runner.py:91} INFO - Job 21: Subtask run_fetch_script
[2025-12-03T10:32:04.032+0000] {logging_mixin.py:188} WARNING - /home/airflow/.local/lib/python3.12/site-packages/airflow/task/task_runner/standard_task_runner.py:61 DeprecationWarning: This process (pid=195) is multi-threaded, use of fork() may lead to deadlocks in the child.
[2025-12-03T10:32:04.033+0000] {standard_task_runner.py:63} INFO - Started process 196 to run task
[2025-12-03T10:32:04.306+0000] {task_command.py:426} INFO - Running <TaskInstance: stock_data_pipeline.run_fetch_script manual__2025-12-03T10:32:02.138924+00:00 [running]> on host 80cdba9403bd
[2025-12-03T10:32:04.619+0000] {taskinstance.py:2648} INFO - Exporting env vars: AIRFLOW_CTX_DAG_OWNER='airflow' AIRFLOW_CTX_DAG_ID='stock_data_pipeline' AIRFLOW_CTX_TASK_ID='run_fetch_script' AIRFLOW_CTX_EXECUTION_DATE='2025-12-03T10:32:02.138924+00:00' AIRFLOW_CTX_TRY_NUMBER='1' AIRFLOW_CTX_DAG_RUN_ID='manual__2025-12-03T10:32:02.138924+00:00'
[2025-12-03T10:32:04.622+0000] {taskinstance.py:430} INFO - ::endgroup::
[2025-12-03T10:32:04.753+0000] {subprocess.py:63} INFO - Tmp dir root location: /tmp
[2025-12-03T10:32:04.758+0000] {subprocess.py:75} INFO - Running command: ['/usr/bin/bash', '-c', 'python /opt/airflow/scripts/fetch_and_update.py']
[2025-12-03T10:32:04.777+0000] {subprocess.py:86} INFO - Output:
[2025-12-03T10:32:05.980+0000] {subprocess.py:93} INFO - 2025-12-03 10:32:05,979 - INFO - Fetching data for AAPL...
[2025-12-03T10:32:07.529+0000] {subprocess.py:93} INFO - 2025-12-03 10:32:07,529 - INFO - Data received for AAPL at 2025-12-02 19:55:00
[2025-12-03T10:32:07.539+0000] {subprocess.py:93} INFO - 2025-12-03 10:32:07,538 - INFO - Connecting to PostgreSQL...
[2025-12-03T10:32:07.569+0000] {subprocess.py:93} INFO - 2025-12-03 10:32:07,569 - INFO - DB updated successfully for AAPL.
[2025-12-03T10:32:07.609+0000] {subprocess.py:97} INFO - Command exited with return code 0
[2025-12-03T10:32:07.610+0000] {taskinstance.py:441} INFO - ::group::Post task execution logs
[2025-12-03T10:32:07.651+0000] {taskinstance.py:1206} INFO - Marking task as SUCCESS. dag_id=stock_data_pipeline, task_id=run_fetch_script, run_id=manual__2025-12-03T10:32:02.138924+00:00, execution_date=20251203T103202, start_date=20251203T103203, end_date=20251203T103207
[2025-12-03T10:32:07.703+0000] {local_task_job_runner.py:240} INFO - Task exited with return code 0
[2025-12-03T10:32:07.730+0000] {taskinstance.py:3503} INFO - 0 downstream tasks scheduled from follow-on schedule check
[2025-12-03T10:32:07.734+0000] {local_task_job_runner.py:222} INFO - ::endgroup::
